<?xml version='1.0' encoding='UTF-8'?>
<testsuite hostname="MarcoLaptop" name="com.mm.sharesapp.actors.MasterActorTest" tests="1" errors="0" failures="0" time="0.098">
                     <properties>
[...]
</properties>
                     <testcase classname="com.mm.sharesapp.actors.MasterActorTest" name="A TestProbeTest should test TestProbes" time="0.098">
                                                 
                                               </testcase>
                     <system-out></system-out>
                     <system-err></system-err>
                   </testsuite>